<?xml version="1.0" encoding="utf-8"?><testsuites><testsuite name="pytest" errors="0" failures="0" skipped="0" tests="3" time="1.362" timestamp="2024-06-27T21:45:19.915830" hostname="e1b07f3d5763"><testcase classname="tests.test_prediction" name="test_single_pred_not_none" time="0.043" /><testcase classname="tests.test_prediction" name="test_single_pred_str_type" time="0.037" /><testcase classname="tests.test_prediction" name="test_single_pred_validate" time="0.037" /></testsuite></testsuites>